2017-12-20 14:05:40,822 INFO o.a.j.u.JMeterUtils: Setting Locale to zh_CN
2017-12-20 14:05:40,833 INFO o.a.j.JMeter: Loading system properties from: system.properties
2017-12-20 14:05:40,836 INFO o.a.j.JMeter: Copyright (c) 1998-2017 The Apache Software Foundation
2017-12-20 14:05:40,836 INFO o.a.j.JMeter: Version 3.3 r1808647
2017-12-20 14:05:40,836 INFO o.a.j.JMeter: java.version=1.8.0_151
2017-12-20 14:05:40,836 INFO o.a.j.JMeter: java.vm.name=Java HotSpot(TM) 64-Bit Server VM
2017-12-20 14:05:40,836 INFO o.a.j.JMeter: os.name=Windows 7
2017-12-20 14:05:40,837 INFO o.a.j.JMeter: os.arch=amd64
2017-12-20 14:05:40,837 INFO o.a.j.JMeter: os.version=6.1
2017-12-20 14:05:40,837 INFO o.a.j.JMeter: file.encoding=GBK
2017-12-20 14:05:40,837 INFO o.a.j.JMeter: Max memory     =514850816
2017-12-20 14:05:40,837 INFO o.a.j.JMeter: Available Processors =8
2017-12-20 14:05:40,841 INFO o.a.j.JMeter: Default Locale=中文 (中国)
2017-12-20 14:05:40,841 INFO o.a.j.JMeter: JMeter  Locale=中文 (中国)
2017-12-20 14:05:40,841 INFO o.a.j.JMeter: JMeterHome=F:\workspace\jmeterMavenPro\target\jmeter
2017-12-20 14:05:40,841 INFO o.a.j.JMeter: user.dir  =F:\workspace\jmeterMavenPro\target\jmeter\bin
2017-12-20 14:05:40,842 INFO o.a.j.JMeter: PWD       =F:\workspace\jmeterMavenPro\target\jmeter\bin
2017-12-20 14:05:40,842 INFO o.a.j.JMeter: IP: 10.5.77.130 Name: ZJEH-PC FullName: ZJEH-PC
2017-12-20 14:05:40,844 INFO o.a.j.JMeter: Setting property 'jmeter.reportgenerator.outputdir' to:'F:\workspace\jmeterMavenPro\target\jmeter\reports\crm_20171220_140540'
2017-12-20 14:05:40,845 INFO o.a.j.s.FileServer: Default base='F:\workspace\jmeterMavenPro\target\jmeter\bin'
2017-12-20 14:05:40,845 INFO o.a.j.s.FileServer: Set new base='F:\workspace\jmeterMavenPro\target\jmeter\testFiles'
2017-12-20 14:05:40,931 INFO o.a.j.s.SaveService: Testplan (JMX) version: 2.2. Testlog (JTL) version: 2.2
2017-12-20 14:05:40,940 INFO o.a.j.s.SaveService: Using SaveService properties file encoding UTF-8
2017-12-20 14:05:40,943 INFO o.a.j.s.SaveService: Using SaveService properties version 3.2
2017-12-20 14:05:40,947 INFO o.a.j.s.SaveService: Loading file: F:\workspace\jmeterMavenPro\target\jmeter\testFiles\crm.jmx
2017-12-20 14:05:40,970 INFO o.a.j.p.h.c.CookieManager: Settings: Delete null: true Check: true Allow variable: true Save: false Prefix: COOKIE_
2017-12-20 14:05:40,980 INFO o.a.j.p.h.s.HTTPSamplerBase: Parser for text/html is org.apache.jmeter.protocol.http.parser.LagartoBasedHtmlParser
2017-12-20 14:05:40,980 INFO o.a.j.p.h.s.HTTPSamplerBase: Parser for application/xhtml+xml is org.apache.jmeter.protocol.http.parser.LagartoBasedHtmlParser
2017-12-20 14:05:40,980 INFO o.a.j.p.h.s.HTTPSamplerBase: Parser for application/xml is org.apache.jmeter.protocol.http.parser.LagartoBasedHtmlParser
2017-12-20 14:05:40,980 INFO o.a.j.p.h.s.HTTPSamplerBase: Parser for text/xml is org.apache.jmeter.protocol.http.parser.LagartoBasedHtmlParser
2017-12-20 14:05:40,980 INFO o.a.j.p.h.s.HTTPSamplerBase: Parser for text/vnd.wap.wml is org.apache.jmeter.protocol.http.parser.RegexpHTMLParser
2017-12-20 14:05:40,980 INFO o.a.j.p.h.s.HTTPSamplerBase: Parser for text/css is org.apache.jmeter.protocol.http.parser.CssParser
2017-12-20 14:05:41,011 INFO o.a.j.JMeter: Creating summariser <summary>
2017-12-20 14:05:41,015 INFO o.a.j.r.d.ReportGenerator: ReportGenerator will use for Parsing the separator: ','
2017-12-20 14:05:41,015 INFO o.a.j.r.d.ReportGenerator: Will generate report at end of test from  results file: F:\workspace\jmeterMavenPro\target\jmeter\results\20171220-crm.csv
2017-12-20 14:05:41,015 INFO o.a.j.r.d.ReportGenerator: Reading report generator properties from: F:\workspace\jmeterMavenPro\target\jmeter\bin\reportgenerator.properties
2017-12-20 14:05:41,015 INFO o.a.j.r.d.ReportGenerator: Merging with JMeter properties
2017-12-20 14:05:41,018 INFO o.a.j.r.c.ReportGeneratorConfiguration: Property 'jmeter.reportgenerator.temp_dir' not found, using default value 'temp' instead.
2017-12-20 14:05:41,020 INFO o.a.j.r.c.ReportGeneratorConfiguration: Property 'jmeter.reportgenerator.apdex_per_transaction' not found, using default value 'null' instead.
2017-12-20 14:05:41,020 INFO o.a.j.r.c.ReportGeneratorConfiguration: apdex_per_transaction : {} is empty, not APDEX per transaction customization
2017-12-20 14:05:41,020 INFO o.a.j.r.c.ReportGeneratorConfiguration: Property 'jmeter.reportgenerator.sample_filter' not found, using default value 'null' instead.
2017-12-20 14:05:41,020 INFO o.a.j.r.c.ReportGeneratorConfiguration: Property 'jmeter.reportgenerator.report_title' not found, using default value 'null' instead.
2017-12-20 14:05:41,020 INFO o.a.j.r.c.ReportGeneratorConfiguration: Property 'jmeter.reportgenerator.start_date' not found, using default value 'null' instead.
2017-12-20 14:05:41,020 INFO o.a.j.r.c.ReportGeneratorConfiguration: Property 'jmeter.reportgenerator.end_date' not found, using default value 'null' instead.
2017-12-20 14:05:41,020 INFO o.a.j.r.c.ReportGeneratorConfiguration: Property 'jmeter.reportgenerator.date_format' not found, using default value 'null' instead.
2017-12-20 14:05:41,021 INFO o.a.j.r.c.ReportGeneratorConfiguration: Will use date range start date: null, end date: null
2017-12-20 14:05:41,024 INFO o.a.j.r.c.ReportGeneratorConfiguration: Property 'jmeter.reportgenerator.graph.activeThreadsOverTime.exclude_controllers' not found, using default value 'false' instead.
2017-12-20 14:05:41,024 INFO o.a.j.r.c.ReportGeneratorConfiguration: Property 'jmeter.reportgenerator.graph.timeVsThreads.exclude_controllers' not found, using default value 'false' instead.
2017-12-20 14:05:41,024 INFO o.a.j.r.c.ReportGeneratorConfiguration: Property 'jmeter.reportgenerator.graph.responseTimeDistribution.exclude_controllers' not found, using default value 'false' instead.
2017-12-20 14:05:41,024 INFO o.a.j.r.c.ReportGeneratorConfiguration: Property 'jmeter.reportgenerator.graph.transactionsPerSecond.exclude_controllers' not found, using default value 'false' instead.
2017-12-20 14:05:41,024 INFO o.a.j.r.c.ReportGeneratorConfiguration: Property 'jmeter.reportgenerator.graph.responseTimePercentiles.exclude_controllers' not found, using default value 'false' instead.
2017-12-20 14:05:41,024 INFO o.a.j.r.c.ReportGeneratorConfiguration: Property 'jmeter.reportgenerator.graph.responseTimePercentilesOverTime.exclude_controllers' not found, using default value 'false' instead.
2017-12-20 14:05:41,024 INFO o.a.j.r.c.ReportGeneratorConfiguration: Property 'jmeter.reportgenerator.graph.responseTimesOverTime.exclude_controllers' not found, using default value 'false' instead.
2017-12-20 14:05:41,025 INFO o.a.j.r.c.ReportGeneratorConfiguration: Property 'jmeter.reportgenerator.graph.connectTimeOverTime.exclude_controllers' not found, using default value 'false' instead.
2017-12-20 14:05:41,025 INFO o.a.j.r.c.ReportGeneratorConfiguration: Property 'jmeter.reportgenerator.graph.latenciesOverTime.exclude_controllers' not found, using default value 'false' instead.
2017-12-20 14:05:41,025 INFO o.a.j.r.c.ReportGeneratorConfiguration: Property 'jmeter.reportgenerator.exporter.html.filters_only_sample_series' not found, using default value 'true' instead.
2017-12-20 14:05:41,025 INFO o.a.j.r.c.ReportGeneratorConfiguration: Property 'jmeter.reportgenerator.exporter.html.series_filter' not found, using default value '' instead.
2017-12-20 14:05:41,025 INFO o.a.j.r.c.ReportGeneratorConfiguration: Property 'jmeter.reportgenerator.exporter.html.show_controllers_only' not found, using default value 'false' instead.
2017-12-20 14:05:41,028 INFO o.a.j.e.StandardJMeterEngine: Running the test!
2017-12-20 14:05:41,029 INFO o.a.j.s.SampleEvent: List of sample_variables: []
2017-12-20 14:05:41,030 INFO o.a.j.s.SampleEvent: List of sample_variables: []
2017-12-20 14:05:41,033 INFO o.a.j.e.u.CompoundVariable: Note: Function class names must contain the string: '.functions.'
2017-12-20 14:05:41,033 INFO o.a.j.e.u.CompoundVariable: Note: Function class names must not contain the string: '.gui.'
2017-12-20 14:05:41,327 INFO o.a.j.JMeter: 正在运行的测试 (1513749941327)
2017-12-20 14:05:41,381 INFO o.a.j.e.StandardJMeterEngine: Starting ThreadGroup: 1 : Thread Group
2017-12-20 14:05:41,381 INFO o.a.j.e.StandardJMeterEngine: Starting 1 threads for group Thread Group.
2017-12-20 14:05:41,381 INFO o.a.j.e.StandardJMeterEngine: Thread will continue on error
2017-12-20 14:05:41,381 INFO o.a.j.t.ThreadGroup: Starting thread group... number=1 threads=1 ramp-up=1 perThread=1000.0 delayedStart=false
2017-12-20 14:05:41,385 INFO o.a.j.t.ThreadGroup: Started thread group number 1
2017-12-20 14:05:41,385 INFO o.a.j.e.StandardJMeterEngine: All thread groups have been started
2017-12-20 14:05:41,386 INFO o.a.j.t.JMeterThread: Thread started: Thread Group 1-1
2017-12-20 14:05:41,393 INFO o.a.j.p.h.s.HTTPJavaImpl: Maximum connection retries = 0
2017-12-20 14:05:41,394 INFO o.a.j.s.SampleResult: Note: Sample TimeStamps are START times
2017-12-20 14:05:41,394 INFO o.a.j.s.SampleResult: sampleresult.default.encoding is set to UTF-8
2017-12-20 14:05:41,394 INFO o.a.j.s.SampleResult: sampleresult.useNanoTime=true
2017-12-20 14:05:41,394 INFO o.a.j.s.SampleResult: sampleresult.nanoThreadSleep=5000
2017-12-20 14:05:41,403 INFO o.a.j.p.h.s.HTTPJavaImpl: Error Response Code: 404
2017-12-20 14:05:41,408 INFO o.a.j.p.h.s.HTTPJavaImpl: Error Response Code: 404
2017-12-20 14:05:41,409 INFO o.a.j.p.h.s.HTTPJavaImpl: Error Response Code: 404
2017-12-20 14:05:41,410 INFO o.a.j.p.h.s.HTTPJavaImpl: Error Response Code: 404
2017-12-20 14:05:41,411 INFO o.a.j.p.h.s.HTTPJavaImpl: Error Response Code: 404
2017-12-20 14:05:41,413 INFO o.a.j.p.h.s.HTTPJavaImpl: Error Response Code: 404
2017-12-20 14:05:41,414 INFO o.a.j.p.h.s.HTTPJavaImpl: Error Response Code: 404
2017-12-20 14:05:41,415 INFO o.a.j.p.h.s.HTTPJavaImpl: Error Response Code: 404
2017-12-20 14:05:41,419 INFO o.a.j.p.h.s.HTTPJavaImpl: Error Response Code: 404
2017-12-20 14:05:41,421 INFO o.a.j.p.h.s.HTTPJavaImpl: Error Response Code: 404
2017-12-20 14:05:41,421 INFO o.a.j.t.JMeterThread: Thread is done: Thread Group 1-1
2017-12-20 14:05:41,421 INFO o.a.j.t.JMeterThread: Thread finished: Thread Group 1-1
2017-12-20 14:05:41,422 INFO o.a.j.e.StandardJMeterEngine: Notifying test listeners of end of test
2017-12-20 14:05:41,422 INFO o.a.j.r.Summariser: summary =     11 in 00:00:00 =  115.8/s Avg:     1 Min:     0 Max:    10 Err:    11 (100.00%)
2017-12-20 14:05:41,422 INFO o.a.j.JMeter: Generating Dashboard
2017-12-20 14:05:41,423 INFO o.a.j.r.d.ReportGenerator: Flushing result collector before report Generation
2017-12-20 14:05:41,428 INFO o.a.j.r.p.NormalizerSampleConsumer: Using format, 'yyyy/MM/dd HH:mm:ss', to parse timeStamp field
2017-12-20 14:05:41,512 INFO o.a.j.r.p.AbstractSampleConsumer: class org.apache.jmeter.report.processor.AggregateConsumer#stopProducing(): beginDate produced 0 samples
2017-12-20 14:05:41,512 INFO o.a.j.r.p.AbstractSampleConsumer: class org.apache.jmeter.report.processor.AggregateConsumer#stopProducing(): endDate produced 0 samples
2017-12-20 14:05:41,512 INFO o.a.j.r.p.AbstractSampleConsumer: class org.apache.jmeter.report.processor.ApdexSummaryConsumer#stopProducing(): apdexSummary produced 0 samples
2017-12-20 14:05:41,512 INFO o.a.j.r.p.AbstractSampleConsumer: class org.apache.jmeter.report.processor.RequestsSummaryConsumer#stopProducing(): requestsSummary produced 0 samples
2017-12-20 14:05:41,518 INFO o.a.j.r.p.AbstractSampleConsumer: class org.apache.jmeter.report.processor.StatisticsSummaryConsumer#stopProducing(): statisticsSummary produced 0 samples
2017-12-20 14:05:41,518 INFO o.a.j.r.p.AbstractSampleConsumer: class org.apache.jmeter.report.processor.Top5ErrorsBySamplerConsumer#stopProducing(): top5ErrorsBySampler produced 0 samples
2017-12-20 14:05:41,519 INFO o.a.j.r.p.AbstractSampleConsumer: class org.apache.jmeter.report.processor.ErrorsSummaryConsumer#stopProducing(): errorsSummary produced 0 samples
2017-12-20 14:05:41,519 INFO o.a.j.r.p.AbstractSampleConsumer: class org.apache.jmeter.report.processor.graph.impl.HitsPerSecondGraphConsumer#stopProducing(): hitsPerSecond produced 0 samples
2017-12-20 14:05:41,526 INFO o.a.j.r.p.AbstractSampleConsumer: class org.apache.jmeter.report.processor.graph.impl.LatencyVSRequestGraphConsumer#stopProducing(): latencyVsRequest produced 0 samples
2017-12-20 14:05:41,526 INFO o.a.j.r.p.AbstractSampleConsumer: class org.apache.jmeter.report.processor.graph.impl.SyntheticResponseTimeDistributionGraphConsumer#stopProducing(): syntheticResponseTimeDistribution produced 0 samples
2017-12-20 14:05:41,527 INFO o.a.j.r.p.AbstractSampleConsumer: class org.apache.jmeter.report.processor.graph.impl.BytesThroughputGraphConsumer#stopProducing(): bytesThroughputOverTime produced 0 samples
2017-12-20 14:05:41,527 INFO o.a.j.r.p.AbstractSampleConsumer: class org.apache.jmeter.report.processor.graph.impl.CodesPerSecondGraphConsumer#stopProducing(): codesPerSecond produced 0 samples
2017-12-20 14:05:41,530 INFO o.a.j.r.p.AbstractSampleConsumer: class org.apache.jmeter.report.processor.graph.impl.ResponseTimeVSRequestGraphConsumer#stopProducing(): responseTimeVsRequest produced 0 samples
2017-12-20 14:05:41,530 INFO o.a.j.r.p.AbstractSampleConsumer: class org.apache.jmeter.report.processor.FilterConsumer#stopProducing(): startIntervalControlerFilter produced 77 samples
2017-12-20 14:05:41,530 INFO o.a.j.r.p.AbstractSampleConsumer: class org.apache.jmeter.report.processor.graph.impl.ActiveThreadsGraphConsumer#stopProducing(): activeThreadsOverTime produced 0 samples
2017-12-20 14:05:41,530 INFO o.a.j.r.p.AbstractSampleConsumer: class org.apache.jmeter.report.processor.graph.impl.TimeVSThreadGraphConsumer#stopProducing(): timeVsThreads produced 0 samples
2017-12-20 14:05:41,530 INFO o.a.j.r.p.AbstractSampleConsumer: class org.apache.jmeter.report.processor.graph.impl.ResponseTimeDistributionGraphConsumer#stopProducing(): responseTimeDistribution produced 0 samples
2017-12-20 14:05:41,530 INFO o.a.j.r.p.AbstractSampleConsumer: class org.apache.jmeter.report.processor.graph.impl.TransactionsPerSecondGraphConsumer#stopProducing(): transactionsPerSecond produced 0 samples
2017-12-20 14:05:41,530 INFO o.a.j.r.p.AbstractSampleConsumer: class org.apache.jmeter.report.processor.graph.impl.ResponseTimePercentilesGraphConsumer#stopProducing(): responseTimePercentiles produced 0 samples
2017-12-20 14:05:41,532 INFO o.a.j.r.p.AbstractSampleConsumer: class org.apache.jmeter.report.processor.graph.impl.ResponseTimePercentilesOverTimeGraphConsumer#stopProducing(): responseTimePercentilesOverTime produced 0 samples
2017-12-20 14:05:41,532 INFO o.a.j.r.p.AbstractSampleConsumer: class org.apache.jmeter.report.processor.graph.impl.ResponseTimeOverTimeGraphConsumer#stopProducing(): responseTimesOverTime produced 0 samples
2017-12-20 14:05:41,532 INFO o.a.j.r.p.AbstractSampleConsumer: class org.apache.jmeter.report.processor.graph.impl.ConnectTimeOverTimeGraphConsumer#stopProducing(): connectTimeOverTime produced 0 samples
2017-12-20 14:05:41,532 INFO o.a.j.r.p.AbstractSampleConsumer: class org.apache.jmeter.report.processor.graph.impl.LatencyOverTimeGraphConsumer#stopProducing(): latenciesOverTime produced 0 samples
2017-12-20 14:05:41,533 INFO o.a.j.r.p.AbstractSampleConsumer: class org.apache.jmeter.report.processor.FilterConsumer#stopProducing(): nameFilter produced 154 samples
2017-12-20 14:05:41,533 INFO o.a.j.r.p.AbstractSampleConsumer: class org.apache.jmeter.report.processor.FilterConsumer#stopProducing(): dateRangeFilter produced 33 samples
2017-12-20 14:05:41,533 INFO o.a.j.r.p.AbstractSampleConsumer: class org.apache.jmeter.report.processor.NormalizerSampleConsumer#stopProducing(): normalizer produced 11 samples
2017-12-20 14:05:41,533 INFO o.a.j.r.p.CsvFileSampleSource: produce(): 11 samples produced in 90ms on channel 0
2017-12-20 14:05:41,533 INFO o.a.j.r.d.ReportGenerator: Exporting data using exporter:'html' of className:'org.apache.jmeter.report.dashboard.HtmlTemplateExporter'
2017-12-20 14:05:41,535 INFO o.a.j.r.d.HtmlTemplateExporter: Will generate dashboard in folder: F:\workspace\jmeterMavenPro\target\jmeter\reports\crm_20171220_140540
2017-12-20 14:05:41,589 INFO o.a.j.r.d.HtmlTemplateExporter: Report will be generated in: F:\workspace\jmeterMavenPro\target\jmeter\reports\crm_20171220_140540, creating folder structure
2017-12-20 14:05:42,118 INFO o.a.j.JMeter: Dashboard generated
